2024-12-17 02:47:20,782 INFO: 
                ____                _       _____  ____
               / __ ) ____ _ _____ (_)_____/ ___/ / __ \
              / __  |/ __ `// ___// // ___/\__ \ / /_/ /
             / /_/ // /_/ /(__  )/ // /__ ___/ // _, _/
            /_____/ \__,_//____//_/ \___//____//_/ |_|
     ______                   __   __                 __      __
    / ____/____   ____   ____/ /  / /   __  __ _____ / /__   / /
   / / __ / __ \ / __ \ / __  /  / /   / / / // ___// //_/  / /
  / /_/ // /_/ // /_/ // /_/ /  / /___/ /_/ // /__ / /<    /_/
  \____/ \____/ \____/ \____/  /_____/\____/ \___//_/|_|  (_)
    
Version Information: 
	BasicSR: 1.4.2
	PyTorch: 2.0.1
	TorchVision: 0.15.2+cu117
2024-12-17 02:47:20,783 INFO: 
  name: 0625_DoubleRCAN3D_SO_GenNoise_3
  model_type: RCAN3DNoiseFreeModel
  scale: 1
  num_gpu: 1
  manual_seed: 0
  datasets:[
    train:[
      name: REDS
      type: SONF3DDataset
      dataroot_gt: F:\DeAbe\Data\SO_GenNoise_3/train/GT
      dataroot_lq: F:\DeAbe\Data\SO_GenNoise_3/train/Abe
      dataroot_nf: F:\DeAbe\Data\SO_GenNoise_3/train/NF
      meta_info_file: basicsr/data/meta_info/meta_info_SO_GenNoise_2.txt
      val_partition: REDS4
      test_mode: False
      intensity_threshold: 0.1
      area_threshold: 0.25
      io_backend:[
        type: disk
      ]
      num_frame: 64
      gt_size: 64
      interval_list: [1]
      random_reverse: False
      use_hflip: True
      use_rot: True
      num_worker_per_gpu: 6
      batch_size_per_gpu: 1
      dataset_enlarge_ratio: 100
      prefetch_mode: None
      phase: train
      scale: 1
    ]
    val:[
      name: REDS4
      type: Video3DTestDataset
      dataroot_gt: F:\DeAbe\Data\SO_GenNoise_3/train/GTGT_splt/
      dataroot_lq: F:\DeAbe\Data\SO_GenNoise_3/train/GAbe_splt/
      cache_data: True
      io_backend:[
        type: disk
      ]
      num_frame: -1
      phase: val
      scale: 1
    ]
  ]
  network_g:[
    type: DoubleRCAN3D
    input_channel: 1
    num_channels: 32
    num_blocks: 2
    num_groups: 4
    reduction: 8
    residual_scaling: 1.0
    num_output_channels: 1
    return_midlq: True
  ]
  path:[
    pretrain_network_g: None
    strict_load_g: True
    resume_state: None
    experiments_root: F:\DeAbe\EDVR\HD2Net\experiments\0625_DoubleRCAN3D_SO_GenNoise_3
    models: F:\DeAbe\EDVR\HD2Net\experiments\0625_DoubleRCAN3D_SO_GenNoise_3\models
    training_states: F:\DeAbe\EDVR\HD2Net\experiments\0625_DoubleRCAN3D_SO_GenNoise_3\training_states
    log: F:\DeAbe\EDVR\HD2Net\experiments\0625_DoubleRCAN3D_SO_GenNoise_3
    visualization: F:\DeAbe\EDVR\HD2Net\experiments\0625_DoubleRCAN3D_SO_GenNoise_3\visualization
  ]
  train:[
    ema_decay: 0.999
    optim_g:[
      type: Adam
      lr: 0.0001
      weight_decay: 0
      betas: [0.9, 0.99]
    ]
    scheduler:[
      type: CosineAnnealingRestartLR
      periods: [200000]
      restart_weights: [1]
      eta_min: 1e-07
    ]
    total_iter: 200000
    warmup_iter: -1
    fix_flow: 0
    flow_lr_mul: 0.25
    pixel_opt:[
      type: CharbonnierLoss
      loss_weight: 1
      reduction: mean
    ]
    clean_opt:[
      type: CharbonnierLoss
      loss_weight: 1
      reduction: mean
    ]
    midlqloss: False
    clean_fix: True
  ]
  val:[
    val_freq: 5000000.0
    save_img: True
    metrics:[
      psnr:[
        type: calculate_psnr
        crop_border: 0
        test_y_channel: False
      ]
    ]
  ]
  logger:[
    print_freq: 100
    save_checkpoint_freq: 5000.0
    use_tb_logger: True
    wandb:[
      project: None
      resume_id: None
    ]
  ]
  dist_params:[
    backend: nccl
    port: 29500
  ]
  find_unused_parameters: True
  dist: False
  rank: 0
  world_size: 1
  auto_resume: False
  is_train: True
  root_path: F:\DeAbe\EDVR\HD2Net

2024-12-17 02:47:21,538 INFO: Temporal augmentation interval list: [1]; random reverse is False.
2024-12-17 02:47:21,538 INFO: Dataset [SONF3DDataset] - REDS is built.
2024-12-17 02:47:21,538 INFO: Training statistics:
	Number of train images: 25600
	Dataset enlarge ratio: 100
	Batch size per gpu: 1
	World size (gpu number): 1
	Require iter number per epoch: 2560000
	Total epochs: 1; iters: 200000.
2024-12-17 02:47:21,538 INFO: Generate data info for VideoTestDataset - REDS4
2024-12-17 02:47:21,539 INFO: Dataset [Video3DTestDataset] - REDS4 is built.
2024-12-17 02:47:21,539 INFO: Number of val images/folders in REDS4: 0
2024-12-17 02:47:21,570 INFO: Network [DoubleRCAN3D] is created.
2024-12-17 02:47:21,726 INFO: Network: DoubleRCAN3D, with parameters: 1,170,754
2024-12-17 02:47:21,727 INFO: DoubleRCAN3D(
  (cleanBlock): RCAN3D(
    (conv1): ConvBlock3D(
      (conv): Conv3d(1, 32, kernel_size=(3, 3, 3), stride=(1, 1, 1), padding=(1, 1, 1))
    )
    (residual_groups): Sequential(
      (0): ResidualGroup3D(
        (blocks): Sequential(
          (0): ResidualChannelAttentionBlock3D(
            (conv1): ConvBlock3D(
              (conv): Conv3d(32, 32, kernel_size=(3, 3, 3), stride=(1, 1, 1), padding=(1, 1, 1))
            )
            (conv2): ConvBlock3D(
              (conv): Conv3d(32, 32, kernel_size=(3, 3, 3), stride=(1, 1, 1), padding=(1, 1, 1))
            )
            (channel_attention): ChannelAttentionBlock3D(
              (global_avg_pool): GlobalAveragePooling3D()
              (fc1): ConvBlock3D(
                (conv): Conv3d(32, 4, kernel_size=(1, 1, 1), stride=(1, 1, 1))
              )
              (fc2): ConvBlock3D(
                (conv): Conv3d(4, 32, kernel_size=(1, 1, 1), stride=(1, 1, 1))
              )
            )
          )
          (1): ResidualChannelAttentionBlock3D(
            (conv1): ConvBlock3D(
              (conv): Conv3d(32, 32, kernel_size=(3, 3, 3), stride=(1, 1, 1), padding=(1, 1, 1))
            )
            (conv2): ConvBlock3D(
              (conv): Conv3d(32, 32, kernel_size=(3, 3, 3), stride=(1, 1, 1), padding=(1, 1, 1))
            )
            (channel_attention): ChannelAttentionBlock3D(
              (global_avg_pool): GlobalAveragePooling3D()
              (fc1): ConvBlock3D(
                (conv): Conv3d(32, 4, kernel_size=(1, 1, 1), stride=(1, 1, 1))
              )
              (fc2): ConvBlock3D(
                (conv): Conv3d(4, 32, kernel_size=(1, 1, 1), stride=(1, 1, 1))
              )
            )
          )
        )
        (conv): ConvBlock3D(
          (conv): Conv3d(32, 32, kernel_size=(3, 3, 3), stride=(1, 1, 1), padding=(1, 1, 1))
        )
      )
      (1): ResidualGroup3D(
        (blocks): Sequential(
          (0): ResidualChannelAttentionBlock3D(
            (conv1): ConvBlock3D(
              (conv): Conv3d(32, 32, kernel_size=(3, 3, 3), stride=(1, 1, 1), padding=(1, 1, 1))
            )
            (conv2): ConvBlock3D(
              (conv): Conv3d(32, 32, kernel_size=(3, 3, 3), stride=(1, 1, 1), padding=(1, 1, 1))
            )
            (channel_attention): ChannelAttentionBlock3D(
              (global_avg_pool): GlobalAveragePooling3D()
              (fc1): ConvBlock3D(
                (conv): Conv3d(32, 4, kernel_size=(1, 1, 1), stride=(1, 1, 1))
              )
              (fc2): ConvBlock3D(
                (conv): Conv3d(4, 32, kernel_size=(1, 1, 1), stride=(1, 1, 1))
              )
            )
          )
          (1): ResidualChannelAttentionBlock3D(
            (conv1): ConvBlock3D(
              (conv): Conv3d(32, 32, kernel_size=(3, 3, 3), stride=(1, 1, 1), padding=(1, 1, 1))
            )
            (conv2): ConvBlock3D(
              (conv): Conv3d(32, 32, kernel_size=(3, 3, 3), stride=(1, 1, 1), padding=(1, 1, 1))
            )
            (channel_attention): ChannelAttentionBlock3D(
              (global_avg_pool): GlobalAveragePooling3D()
              (fc1): ConvBlock3D(
                (conv): Conv3d(32, 4, kernel_size=(1, 1, 1), stride=(1, 1, 1))
              )
              (fc2): ConvBlock3D(
                (conv): Conv3d(4, 32, kernel_size=(1, 1, 1), stride=(1, 1, 1))
              )
            )
          )
        )
        (conv): ConvBlock3D(
          (conv): Conv3d(32, 32, kernel_size=(3, 3, 3), stride=(1, 1, 1), padding=(1, 1, 1))
        )
      )
      (2): ResidualGroup3D(
        (blocks): Sequential(
          (0): ResidualChannelAttentionBlock3D(
            (conv1): ConvBlock3D(
              (conv): Conv3d(32, 32, kernel_size=(3, 3, 3), stride=(1, 1, 1), padding=(1, 1, 1))
            )
            (conv2): ConvBlock3D(
              (conv): Conv3d(32, 32, kernel_size=(3, 3, 3), stride=(1, 1, 1), padding=(1, 1, 1))
            )
            (channel_attention): ChannelAttentionBlock3D(
              (global_avg_pool): GlobalAveragePooling3D()
              (fc1): ConvBlock3D(
                (conv): Conv3d(32, 4, kernel_size=(1, 1, 1), stride=(1, 1, 1))
              )
              (fc2): ConvBlock3D(
                (conv): Conv3d(4, 32, kernel_size=(1, 1, 1), stride=(1, 1, 1))
              )
            )
          )
          (1): ResidualChannelAttentionBlock3D(
            (conv1): ConvBlock3D(
              (conv): Conv3d(32, 32, kernel_size=(3, 3, 3), stride=(1, 1, 1), padding=(1, 1, 1))
            )
            (conv2): ConvBlock3D(
              (conv): Conv3d(32, 32, kernel_size=(3, 3, 3), stride=(1, 1, 1), padding=(1, 1, 1))
            )
            (channel_attention): ChannelAttentionBlock3D(
              (global_avg_pool): GlobalAveragePooling3D()
              (fc1): ConvBlock3D(
                (conv): Conv3d(32, 4, kernel_size=(1, 1, 1), stride=(1, 1, 1))
              )
              (fc2): ConvBlock3D(
                (conv): Conv3d(4, 32, kernel_size=(1, 1, 1), stride=(1, 1, 1))
              )
            )
          )
        )
        (conv): ConvBlock3D(
          (conv): Conv3d(32, 32, kernel_size=(3, 3, 3), stride=(1, 1, 1), padding=(1, 1, 1))
        )
      )
      (3): ResidualGroup3D(
        (blocks): Sequential(
          (0): ResidualChannelAttentionBlock3D(
            (conv1): ConvBlock3D(
              (conv): Conv3d(32, 32, kernel_size=(3, 3, 3), stride=(1, 1, 1), padding=(1, 1, 1))
            )
            (conv2): ConvBlock3D(
              (conv): Conv3d(32, 32, kernel_size=(3, 3, 3), stride=(1, 1, 1), padding=(1, 1, 1))
            )
            (channel_attention): ChannelAttentionBlock3D(
              (global_avg_pool): GlobalAveragePooling3D()
              (fc1): ConvBlock3D(
                (conv): Conv3d(32, 4, kernel_size=(1, 1, 1), stride=(1, 1, 1))
              )
              (fc2): ConvBlock3D(
                (conv): Conv3d(4, 32, kernel_size=(1, 1, 1), stride=(1, 1, 1))
              )
            )
          )
          (1): ResidualChannelAttentionBlock3D(
            (conv1): ConvBlock3D(
              (conv): Conv3d(32, 32, kernel_size=(3, 3, 3), stride=(1, 1, 1), padding=(1, 1, 1))
            )
            (conv2): ConvBlock3D(
              (conv): Conv3d(32, 32, kernel_size=(3, 3, 3), stride=(1, 1, 1), padding=(1, 1, 1))
            )
            (channel_attention): ChannelAttentionBlock3D(
              (global_avg_pool): GlobalAveragePooling3D()
              (fc1): ConvBlock3D(
                (conv): Conv3d(32, 4, kernel_size=(1, 1, 1), stride=(1, 1, 1))
              )
              (fc2): ConvBlock3D(
                (conv): Conv3d(4, 32, kernel_size=(1, 1, 1), stride=(1, 1, 1))
              )
            )
          )
        )
        (conv): ConvBlock3D(
          (conv): Conv3d(32, 32, kernel_size=(3, 3, 3), stride=(1, 1, 1), padding=(1, 1, 1))
        )
      )
    )
    (conv2): ConvBlock3D(
      (conv): Conv3d(32, 32, kernel_size=(3, 3, 3), stride=(1, 1, 1), padding=(1, 1, 1))
    )
    (conv3): ConvBlock3D(
      (conv): Conv3d(32, 1, kernel_size=(3, 3, 3), stride=(1, 1, 1), padding=(1, 1, 1))
    )
  )
  (deblurBlock): RCAN3D(
    (conv1): ConvBlock3D(
      (conv): Conv3d(1, 32, kernel_size=(3, 3, 3), stride=(1, 1, 1), padding=(1, 1, 1))
    )
    (residual_groups): Sequential(
      (0): ResidualGroup3D(
        (blocks): Sequential(
          (0): ResidualChannelAttentionBlock3D(
            (conv1): ConvBlock3D(
              (conv): Conv3d(32, 32, kernel_size=(3, 3, 3), stride=(1, 1, 1), padding=(1, 1, 1))
            )
            (conv2): ConvBlock3D(
              (conv): Conv3d(32, 32, kernel_size=(3, 3, 3), stride=(1, 1, 1), padding=(1, 1, 1))
            )
            (channel_attention): ChannelAttentionBlock3D(
              (global_avg_pool): GlobalAveragePooling3D()
              (fc1): ConvBlock3D(
                (conv): Conv3d(32, 4, kernel_size=(1, 1, 1), stride=(1, 1, 1))
              )
              (fc2): ConvBlock3D(
                (conv): Conv3d(4, 32, kernel_size=(1, 1, 1), stride=(1, 1, 1))
              )
            )
          )
          (1): ResidualChannelAttentionBlock3D(
            (conv1): ConvBlock3D(
              (conv): Conv3d(32, 32, kernel_size=(3, 3, 3), stride=(1, 1, 1), padding=(1, 1, 1))
            )
            (conv2): ConvBlock3D(
              (conv): Conv3d(32, 32, kernel_size=(3, 3, 3), stride=(1, 1, 1), padding=(1, 1, 1))
            )
            (channel_attention): ChannelAttentionBlock3D(
              (global_avg_pool): GlobalAveragePooling3D()
              (fc1): ConvBlock3D(
                (conv): Conv3d(32, 4, kernel_size=(1, 1, 1), stride=(1, 1, 1))
              )
              (fc2): ConvBlock3D(
                (conv): Conv3d(4, 32, kernel_size=(1, 1, 1), stride=(1, 1, 1))
              )
            )
          )
        )
        (conv): ConvBlock3D(
          (conv): Conv3d(32, 32, kernel_size=(3, 3, 3), stride=(1, 1, 1), padding=(1, 1, 1))
        )
      )
      (1): ResidualGroup3D(
        (blocks): Sequential(
          (0): ResidualChannelAttentionBlock3D(
            (conv1): ConvBlock3D(
              (conv): Conv3d(32, 32, kernel_size=(3, 3, 3), stride=(1, 1, 1), padding=(1, 1, 1))
            )
            (conv2): ConvBlock3D(
              (conv): Conv3d(32, 32, kernel_size=(3, 3, 3), stride=(1, 1, 1), padding=(1, 1, 1))
            )
            (channel_attention): ChannelAttentionBlock3D(
              (global_avg_pool): GlobalAveragePooling3D()
              (fc1): ConvBlock3D(
                (conv): Conv3d(32, 4, kernel_size=(1, 1, 1), stride=(1, 1, 1))
              )
              (fc2): ConvBlock3D(
                (conv): Conv3d(4, 32, kernel_size=(1, 1, 1), stride=(1, 1, 1))
              )
            )
          )
          (1): ResidualChannelAttentionBlock3D(
            (conv1): ConvBlock3D(
              (conv): Conv3d(32, 32, kernel_size=(3, 3, 3), stride=(1, 1, 1), padding=(1, 1, 1))
            )
            (conv2): ConvBlock3D(
              (conv): Conv3d(32, 32, kernel_size=(3, 3, 3), stride=(1, 1, 1), padding=(1, 1, 1))
            )
            (channel_attention): ChannelAttentionBlock3D(
              (global_avg_pool): GlobalAveragePooling3D()
              (fc1): ConvBlock3D(
                (conv): Conv3d(32, 4, kernel_size=(1, 1, 1), stride=(1, 1, 1))
              )
              (fc2): ConvBlock3D(
                (conv): Conv3d(4, 32, kernel_size=(1, 1, 1), stride=(1, 1, 1))
              )
            )
          )
        )
        (conv): ConvBlock3D(
          (conv): Conv3d(32, 32, kernel_size=(3, 3, 3), stride=(1, 1, 1), padding=(1, 1, 1))
        )
      )
      (2): ResidualGroup3D(
        (blocks): Sequential(
          (0): ResidualChannelAttentionBlock3D(
            (conv1): ConvBlock3D(
              (conv): Conv3d(32, 32, kernel_size=(3, 3, 3), stride=(1, 1, 1), padding=(1, 1, 1))
            )
            (conv2): ConvBlock3D(
              (conv): Conv3d(32, 32, kernel_size=(3, 3, 3), stride=(1, 1, 1), padding=(1, 1, 1))
            )
            (channel_attention): ChannelAttentionBlock3D(
              (global_avg_pool): GlobalAveragePooling3D()
              (fc1): ConvBlock3D(
                (conv): Conv3d(32, 4, kernel_size=(1, 1, 1), stride=(1, 1, 1))
              )
              (fc2): ConvBlock3D(
                (conv): Conv3d(4, 32, kernel_size=(1, 1, 1), stride=(1, 1, 1))
              )
            )
          )
          (1): ResidualChannelAttentionBlock3D(
            (conv1): ConvBlock3D(
              (conv): Conv3d(32, 32, kernel_size=(3, 3, 3), stride=(1, 1, 1), padding=(1, 1, 1))
            )
            (conv2): ConvBlock3D(
              (conv): Conv3d(32, 32, kernel_size=(3, 3, 3), stride=(1, 1, 1), padding=(1, 1, 1))
            )
            (channel_attention): ChannelAttentionBlock3D(
              (global_avg_pool): GlobalAveragePooling3D()
              (fc1): ConvBlock3D(
                (conv): Conv3d(32, 4, kernel_size=(1, 1, 1), stride=(1, 1, 1))
              )
              (fc2): ConvBlock3D(
                (conv): Conv3d(4, 32, kernel_size=(1, 1, 1), stride=(1, 1, 1))
              )
            )
          )
        )
        (conv): ConvBlock3D(
          (conv): Conv3d(32, 32, kernel_size=(3, 3, 3), stride=(1, 1, 1), padding=(1, 1, 1))
        )
      )
      (3): ResidualGroup3D(
        (blocks): Sequential(
          (0): ResidualChannelAttentionBlock3D(
            (conv1): ConvBlock3D(
              (conv): Conv3d(32, 32, kernel_size=(3, 3, 3), stride=(1, 1, 1), padding=(1, 1, 1))
            )
            (conv2): ConvBlock3D(
              (conv): Conv3d(32, 32, kernel_size=(3, 3, 3), stride=(1, 1, 1), padding=(1, 1, 1))
            )
            (channel_attention): ChannelAttentionBlock3D(
              (global_avg_pool): GlobalAveragePooling3D()
              (fc1): ConvBlock3D(
                (conv): Conv3d(32, 4, kernel_size=(1, 1, 1), stride=(1, 1, 1))
              )
              (fc2): ConvBlock3D(
                (conv): Conv3d(4, 32, kernel_size=(1, 1, 1), stride=(1, 1, 1))
              )
            )
          )
          (1): ResidualChannelAttentionBlock3D(
            (conv1): ConvBlock3D(
              (conv): Conv3d(32, 32, kernel_size=(3, 3, 3), stride=(1, 1, 1), padding=(1, 1, 1))
            )
            (conv2): ConvBlock3D(
              (conv): Conv3d(32, 32, kernel_size=(3, 3, 3), stride=(1, 1, 1), padding=(1, 1, 1))
            )
            (channel_attention): ChannelAttentionBlock3D(
              (global_avg_pool): GlobalAveragePooling3D()
              (fc1): ConvBlock3D(
                (conv): Conv3d(32, 4, kernel_size=(1, 1, 1), stride=(1, 1, 1))
              )
              (fc2): ConvBlock3D(
                (conv): Conv3d(4, 32, kernel_size=(1, 1, 1), stride=(1, 1, 1))
              )
            )
          )
        )
        (conv): ConvBlock3D(
          (conv): Conv3d(32, 32, kernel_size=(3, 3, 3), stride=(1, 1, 1), padding=(1, 1, 1))
        )
      )
    )
    (conv2): ConvBlock3D(
      (conv): Conv3d(32, 32, kernel_size=(3, 3, 3), stride=(1, 1, 1), padding=(1, 1, 1))
    )
    (conv3): ConvBlock3D(
      (conv): Conv3d(32, 1, kernel_size=(3, 3, 3), stride=(1, 1, 1), padding=(1, 1, 1))
    )
  )
)
2024-12-17 02:47:21,729 INFO: Use Exponential Moving Average with decay: 0.999
2024-12-17 02:47:21,742 INFO: Network [DoubleRCAN3D] is created.
2024-12-17 02:47:23,506 INFO: Loss [CharbonnierLoss] is created.
2024-12-17 02:47:23,506 INFO: Loss [CharbonnierLoss] is created.
2024-12-17 02:47:23,506 INFO: Multiple the learning rate for flow network with 0.25.
2024-12-17 02:47:23,507 INFO: Model [RCAN3DNoiseFreeModel] is created.
2024-12-17 02:47:39,260 INFO: Start training from epoch: 0, iter: 0
2024-12-17 02:48:51,096 INFO: [0625_..][epoch:  0, iter:     100, lr:(1.000e-04,2.500e-05,)] [eta: 1 day, 3:31:49, time (data): 0.718 (0.172)] l_pix: 3.0180e-02 l_clean: 2.3383e-02 
