2024-12-17 02:45:21,961 INFO: 
                ____                _       _____  ____
               / __ ) ____ _ _____ (_)_____/ ___/ / __ \
              / __  |/ __ `// ___// // ___/\__ \ / /_/ /
             / /_/ // /_/ /(__  )/ // /__ ___/ // _, _/
            /_____/ \__,_//____//_/ \___//____//_/ |_|
     ______                   __   __                 __      __
    / ____/____   ____   ____/ /  / /   __  __ _____ / /__   / /
   / / __ / __ \ / __ \ / __  /  / /   / / / // ___// //_/  / /
  / /_/ // /_/ // /_/ // /_/ /  / /___/ /_/ // /__ / /<    /_/
  \____/ \____/ \____/ \____/  /_____/\____/ \___//_/|_|  (_)
    
Version Information: 
	BasicSR: 1.4.2
	PyTorch: 2.0.1
	TorchVision: 0.15.2+cu117
2024-12-17 02:45:21,961 INFO: 
  name: 0625_DoubleRCAN3D_SO_GenNoise_3
  model_type: RCAN3DNoiseFreeModel
  scale: 1
  num_gpu: 1
  manual_seed: 0
  datasets:[
    train:[
      name: REDS
      type: SONF3DDataset
      dataroot_gt: F:\DeAbe\Data\SO_GenNoise_3/train/GT
      dataroot_lq: F:\DeAbe\Data\SO_GenNoise_3/train/Abe
      dataroot_nf: F:\DeAbe\Data\SO_GenNoise_3/train/NF
      meta_info_file: basicsr/data/meta_info/meta_info_SO_GenNoise_2.txt
      val_partition: REDS4
      test_mode: False
      intensity_threshold: 0.1
      area_threshold: 0.25
      io_backend:[
        type: disk
      ]
      num_frame: 64
      gt_size: 64
      interval_list: [1]
      random_reverse: False
      use_hflip: True
      use_rot: True
      num_worker_per_gpu: 6
      batch_size_per_gpu: 1
      dataset_enlarge_ratio: 100
      prefetch_mode: None
      phase: train
      scale: 1
    ]
    val:[
      name: REDS4
      type: Video3DTestDataset
      dataroot_gt: F:\DeAbe\Data\SO_GenNoise_3/train/GTGT_splt/
      dataroot_lq: F:\DeAbe\Data\SO_GenNoise_3/train/GAbe_splt/
      cache_data: True
      io_backend:[
        type: disk
      ]
      num_frame: -1
      phase: val
      scale: 1
    ]
  ]
  network_g:[
    type: DoubleRCAN3D
    input_channel: 1
    num_channels: 32
    num_blocks: 2
    num_groups: 4
    reduction: 8
    residual_scaling: 1.0
    num_output_channels: 1
    return_midlq: True
  ]
  path:[
    pretrain_network_g: None
    strict_load_g: True
    resume_state: None
    experiments_root: F:\DeAbe\EDVR\HD2Net\experiments\0625_DoubleRCAN3D_SO_GenNoise_3
    models: F:\DeAbe\EDVR\HD2Net\experiments\0625_DoubleRCAN3D_SO_GenNoise_3\models
    training_states: F:\DeAbe\EDVR\HD2Net\experiments\0625_DoubleRCAN3D_SO_GenNoise_3\training_states
    log: F:\DeAbe\EDVR\HD2Net\experiments\0625_DoubleRCAN3D_SO_GenNoise_3
    visualization: F:\DeAbe\EDVR\HD2Net\experiments\0625_DoubleRCAN3D_SO_GenNoise_3\visualization
  ]
  train:[
    ema_decay: 0.999
    optim_g:[
      type: Adam
      lr: 0.0001
      weight_decay: 0
      betas: [0.9, 0.99]
    ]
    scheduler:[
      type: CosineAnnealingRestartLR
      periods: [200000]
      restart_weights: [1]
      eta_min: 1e-07
    ]
    total_iter: 200000
    warmup_iter: -1
    fix_flow: 0
    flow_lr_mul: 0.25
    pixel_opt:[
      type: CharbonnierLoss
      loss_weight: 1
      reduction: mean
    ]
    clean_opt:[
      type: CharbonnierLoss
      loss_weight: 1
      reduction: mean
    ]
    midlqloss: False
    clean_fix: True
  ]
  val:[
    val_freq: 5000000.0
    save_img: True
    metrics:[
      psnr:[
        type: calculate_psnr
        crop_border: 0
        test_y_channel: False
      ]
    ]
  ]
  logger:[
    print_freq: 100
    save_checkpoint_freq: 5000.0
    use_tb_logger: True
    wandb:[
      project: None
      resume_id: None
    ]
  ]
  dist_params:[
    backend: nccl
    port: 29500
  ]
  find_unused_parameters: True
  dist: False
  rank: 0
  world_size: 1
  auto_resume: False
  is_train: True
  root_path: F:\DeAbe\EDVR\HD2Net

